
*** Running vivado
    with args -log mega_adder.vds -m64 -product Vivado -mode batch -messageDb vivado.pb -notrace -source mega_adder.tcl


****** Vivado v2019.1.2 (64-bit)
  **** SW Build 2615518 on Fri Aug  9 15:53:29 MDT 2019
  **** IP Build 2614745 on Fri Aug  9 20:55:02 MDT 2019
    ** Copyright 1986-2019 Xilinx, Inc. All Rights Reserved.

source mega_adder.tcl -notrace
Command: synth_design -top mega_adder -part xc7z020clg484-1
Starting synth_design
Attempting to get a license for feature 'Synthesis' and/or device 'xc7z020'
INFO: [Common 17-349] Got license for feature 'Synthesis' and/or device 'xc7z020'
INFO: [Device 21-403] Loading part xc7z020clg484-1
INFO: Launching helper process for spawning children vivado processes
INFO: Helper process launched with PID 3483 
---------------------------------------------------------------------------------
Starting RTL Elaboration : Time (s): cpu = 00:00:02 ; elapsed = 00:00:04 . Memory (MB): peak = 1719.277 ; gain = 150.715 ; free physical = 4233 ; free virtual = 7860
---------------------------------------------------------------------------------
INFO: [Synth 8-638] synthesizing module 'mega_adder' [/home/crfosse/dds1/TFE4141-DDS1/assignment_5/assignment_5.srcs/sources_1/new/mega_adder.vhd:75]
INFO: [Synth 8-638] synthesizing module 'adder_datapath' [/home/crfosse/dds1/TFE4141-DDS1/assignment_5/assignment_5.srcs/sources_1/new/adder_datapath.vhd:40]
INFO: [Synth 8-256] done synthesizing module 'adder_datapath' (1#1) [/home/crfosse/dds1/TFE4141-DDS1/assignment_5/assignment_5.srcs/sources_1/new/adder_datapath.vhd:40]
INFO: [Synth 8-638] synthesizing module 'adder_controller' [/home/crfosse/dds1/TFE4141-DDS1/assignment_5/assignment_5.srcs/sources_1/new/adder_controller.vhd:35]
INFO: [Synth 8-256] done synthesizing module 'adder_controller' (2#1) [/home/crfosse/dds1/TFE4141-DDS1/assignment_5/assignment_5.srcs/sources_1/new/adder_controller.vhd:35]
INFO: [Synth 8-256] done synthesizing module 'mega_adder' (3#1) [/home/crfosse/dds1/TFE4141-DDS1/assignment_5/assignment_5.srcs/sources_1/new/mega_adder.vhd:75]
---------------------------------------------------------------------------------
Finished RTL Elaboration : Time (s): cpu = 00:00:03 ; elapsed = 00:00:06 . Memory (MB): peak = 1773.027 ; gain = 204.465 ; free physical = 4255 ; free virtual = 7884
---------------------------------------------------------------------------------

Report Check Netlist: 
+------+------------------+-------+---------+-------+------------------+
|      |Item              |Errors |Warnings |Status |Description       |
+------+------------------+-------+---------+-------+------------------+
|1     |multi_driven_nets |      0|        0|Passed |Multi driven nets |
+------+------------------+-------+---------+-------+------------------+
---------------------------------------------------------------------------------
Start Handling Custom Attributes
---------------------------------------------------------------------------------
---------------------------------------------------------------------------------
Finished Handling Custom Attributes : Time (s): cpu = 00:00:03 ; elapsed = 00:00:06 . Memory (MB): peak = 1778.965 ; gain = 210.402 ; free physical = 4253 ; free virtual = 7883
---------------------------------------------------------------------------------
---------------------------------------------------------------------------------
Finished RTL Optimization Phase 1 : Time (s): cpu = 00:00:03 ; elapsed = 00:00:06 . Memory (MB): peak = 1778.965 ; gain = 210.402 ; free physical = 4253 ; free virtual = 7883
---------------------------------------------------------------------------------
INFO: [Project 1-570] Preparing netlist for logic optimization

Processing XDC Constraints
Initializing timing engine
Parsing XDC File [/home/crfosse/dds1/TFE4141-DDS1/assignment_5/assignment_5.srcs/constrs_1/new/mega_adder_constraints.xdc]
Finished Parsing XDC File [/home/crfosse/dds1/TFE4141-DDS1/assignment_5/assignment_5.srcs/constrs_1/new/mega_adder_constraints.xdc]
Completed Processing XDC Constraints

Netlist sorting complete. Time (s): cpu = 00:00:00 ; elapsed = 00:00:00 . Memory (MB): peak = 1892.656 ; gain = 0.000 ; free physical = 4143 ; free virtual = 7788
INFO: [Project 1-111] Unisim Transformation Summary:
No Unisim elements were transformed.

Constraint Validation Runtime : Time (s): cpu = 00:00:00 ; elapsed = 00:00:00 . Memory (MB): peak = 1892.656 ; gain = 0.000 ; free physical = 4143 ; free virtual = 7788
---------------------------------------------------------------------------------
Finished Constraint Validation : Time (s): cpu = 00:00:07 ; elapsed = 00:00:11 . Memory (MB): peak = 1892.656 ; gain = 324.094 ; free physical = 4212 ; free virtual = 7858
---------------------------------------------------------------------------------
---------------------------------------------------------------------------------
Start Loading Part and Timing Information
---------------------------------------------------------------------------------
Loading part: xc7z020clg484-1
---------------------------------------------------------------------------------
Finished Loading Part and Timing Information : Time (s): cpu = 00:00:07 ; elapsed = 00:00:11 . Memory (MB): peak = 1892.656 ; gain = 324.094 ; free physical = 4212 ; free virtual = 7858
---------------------------------------------------------------------------------
---------------------------------------------------------------------------------
Start Applying 'set_property' XDC Constraints
---------------------------------------------------------------------------------
---------------------------------------------------------------------------------
Finished applying 'set_property' XDC Constraints : Time (s): cpu = 00:00:07 ; elapsed = 00:00:11 . Memory (MB): peak = 1892.656 ; gain = 324.094 ; free physical = 4212 ; free virtual = 7858
---------------------------------------------------------------------------------
---------------------------------------------------------------------------------
Finished RTL Optimization Phase 2 : Time (s): cpu = 00:00:07 ; elapsed = 00:00:11 . Memory (MB): peak = 1892.656 ; gain = 324.094 ; free physical = 4204 ; free virtual = 7850
---------------------------------------------------------------------------------

Report RTL Partitions: 
+-+--------------+------------+----------+
| |RTL Partition |Replication |Instances |
+-+--------------+------------+----------+
+-+--------------+------------+----------+
---------------------------------------------------------------------------------
Start RTL Component Statistics 
---------------------------------------------------------------------------------
Detailed RTL Component Info : 
+---Adders : 
	   2 Input      3 Bit       Adders := 1     
	   2 Input      2 Bit       Adders := 1     
+---Registers : 
	              128 Bit    Registers := 2     
	               32 Bit    Registers := 1     
	                3 Bit    Registers := 1     
	                2 Bit    Registers := 1     
	                1 Bit    Registers := 2     
+---Muxes : 
	   2 Input      1 Bit        Muxes := 1     
---------------------------------------------------------------------------------
Finished RTL Component Statistics 
---------------------------------------------------------------------------------
---------------------------------------------------------------------------------
Start RTL Hierarchical Component Statistics 
---------------------------------------------------------------------------------
Hierarchical RTL Component report 
Module adder_datapath 
Detailed RTL Component Info : 
+---Registers : 
	              128 Bit    Registers := 2     
	               32 Bit    Registers := 1     
Module adder_controller 
Detailed RTL Component Info : 
+---Adders : 
	   2 Input      3 Bit       Adders := 1     
	   2 Input      2 Bit       Adders := 1     
+---Registers : 
	                3 Bit    Registers := 1     
	                2 Bit    Registers := 1     
	                1 Bit    Registers := 2     
+---Muxes : 
	   2 Input      1 Bit        Muxes := 1     
---------------------------------------------------------------------------------
Finished RTL Hierarchical Component Statistics
---------------------------------------------------------------------------------
---------------------------------------------------------------------------------
Start Part Resource Summary
---------------------------------------------------------------------------------
Part Resources:
DSPs: 220 (col length:60)
BRAMs: 280 (col length: RAMB18 60 RAMB36 30)
---------------------------------------------------------------------------------
Finished Part Resource Summary
---------------------------------------------------------------------------------
---------------------------------------------------------------------------------
Start Cross Boundary and Area Optimization
---------------------------------------------------------------------------------
Warning: Parallel synthesis criteria is not met 
---------------------------------------------------------------------------------
Finished Cross Boundary and Area Optimization : Time (s): cpu = 00:00:08 ; elapsed = 00:00:12 . Memory (MB): peak = 1892.656 ; gain = 324.094 ; free physical = 4191 ; free virtual = 7840
---------------------------------------------------------------------------------

Report RTL Partitions: 
+-+--------------+------------+----------+
| |RTL Partition |Replication |Instances |
+-+--------------+------------+----------+
+-+--------------+------------+----------+
---------------------------------------------------------------------------------
Start Applying XDC Timing Constraints
---------------------------------------------------------------------------------
---------------------------------------------------------------------------------
Finished Applying XDC Timing Constraints : Time (s): cpu = 00:00:12 ; elapsed = 00:00:17 . Memory (MB): peak = 1892.656 ; gain = 324.094 ; free physical = 4061 ; free virtual = 7718
---------------------------------------------------------------------------------
---------------------------------------------------------------------------------
Start Timing Optimization
---------------------------------------------------------------------------------
---------------------------------------------------------------------------------
Finished Timing Optimization : Time (s): cpu = 00:00:12 ; elapsed = 00:00:17 . Memory (MB): peak = 1892.656 ; gain = 324.094 ; free physical = 4061 ; free virtual = 7717
---------------------------------------------------------------------------------

Report RTL Partitions: 
+-+--------------+------------+----------+
| |RTL Partition |Replication |Instances |
+-+--------------+------------+----------+
+-+--------------+------------+----------+
---------------------------------------------------------------------------------
Start Technology Mapping
---------------------------------------------------------------------------------
---------------------------------------------------------------------------------
Finished Technology Mapping : Time (s): cpu = 00:00:12 ; elapsed = 00:00:17 . Memory (MB): peak = 1892.656 ; gain = 324.094 ; free physical = 4061 ; free virtual = 7717
---------------------------------------------------------------------------------

Report RTL Partitions: 
+-+--------------+------------+----------+
| |RTL Partition |Replication |Instances |
+-+--------------+------------+----------+
+-+--------------+------------+----------+
---------------------------------------------------------------------------------
Start IO Insertion
---------------------------------------------------------------------------------
---------------------------------------------------------------------------------
Start Flattening Before IO Insertion
---------------------------------------------------------------------------------
---------------------------------------------------------------------------------
Finished Flattening Before IO Insertion
---------------------------------------------------------------------------------
---------------------------------------------------------------------------------
Start Final Netlist Cleanup
---------------------------------------------------------------------------------
---------------------------------------------------------------------------------
Finished Final Netlist Cleanup
---------------------------------------------------------------------------------
---------------------------------------------------------------------------------
Finished IO Insertion : Time (s): cpu = 00:00:13 ; elapsed = 00:00:18 . Memory (MB): peak = 1892.656 ; gain = 324.094 ; free physical = 4061 ; free virtual = 7717
---------------------------------------------------------------------------------

Report Check Netlist: 
+------+------------------+-------+---------+-------+------------------+
|      |Item              |Errors |Warnings |Status |Description       |
+------+------------------+-------+---------+-------+------------------+
|1     |multi_driven_nets |      0|        0|Passed |Multi driven nets |
+------+------------------+-------+---------+-------+------------------+
---------------------------------------------------------------------------------
Start Renaming Generated Instances
---------------------------------------------------------------------------------
---------------------------------------------------------------------------------
Finished Renaming Generated Instances : Time (s): cpu = 00:00:13 ; elapsed = 00:00:18 . Memory (MB): peak = 1892.656 ; gain = 324.094 ; free physical = 4061 ; free virtual = 7717
---------------------------------------------------------------------------------

Report RTL Partitions: 
+-+--------------+------------+----------+
| |RTL Partition |Replication |Instances |
+-+--------------+------------+----------+
+-+--------------+------------+----------+
---------------------------------------------------------------------------------
Start Rebuilding User Hierarchy
---------------------------------------------------------------------------------
---------------------------------------------------------------------------------
Finished Rebuilding User Hierarchy : Time (s): cpu = 00:00:13 ; elapsed = 00:00:18 . Memory (MB): peak = 1892.656 ; gain = 324.094 ; free physical = 4061 ; free virtual = 7717
---------------------------------------------------------------------------------
---------------------------------------------------------------------------------
Start Renaming Generated Ports
---------------------------------------------------------------------------------
---------------------------------------------------------------------------------
Finished Renaming Generated Ports : Time (s): cpu = 00:00:13 ; elapsed = 00:00:18 . Memory (MB): peak = 1892.656 ; gain = 324.094 ; free physical = 4061 ; free virtual = 7717
---------------------------------------------------------------------------------
---------------------------------------------------------------------------------
Start Handling Custom Attributes
---------------------------------------------------------------------------------
---------------------------------------------------------------------------------
Finished Handling Custom Attributes : Time (s): cpu = 00:00:13 ; elapsed = 00:00:18 . Memory (MB): peak = 1892.656 ; gain = 324.094 ; free physical = 4061 ; free virtual = 7717
---------------------------------------------------------------------------------
---------------------------------------------------------------------------------
Start Renaming Generated Nets
---------------------------------------------------------------------------------
---------------------------------------------------------------------------------
Finished Renaming Generated Nets : Time (s): cpu = 00:00:13 ; elapsed = 00:00:18 . Memory (MB): peak = 1892.656 ; gain = 324.094 ; free physical = 4061 ; free virtual = 7717
---------------------------------------------------------------------------------
---------------------------------------------------------------------------------
Start ROM, RAM, DSP and Shift Register Reporting
---------------------------------------------------------------------------------

Static Shift Register Report:
+------------+-------------------------------+--------+-------+--------------+--------------------+-------------------+--------+---------+
|Module Name | RTL Name                      | Length | Width | Reset Signal | Pull out first Reg | Pull out last Reg | SRL16E | SRLC32E | 
+------------+-------------------------------+--------+-------+--------------+--------------------+-------------------+--------+---------+
|mega_adder  | u_adder_datapath/b_r_reg[127] | 4      | 32    | YES          | NO                 | YES               | 32     | 0       | 
+------------+-------------------------------+--------+-------+--------------+--------------------+-------------------+--------+---------+

---------------------------------------------------------------------------------
Finished ROM, RAM, DSP and Shift Register Reporting
---------------------------------------------------------------------------------
---------------------------------------------------------------------------------
Start Writing Synthesis Report
---------------------------------------------------------------------------------

Report BlackBoxes: 
+-+--------------+----------+
| |BlackBox name |Instances |
+-+--------------+----------+
+-+--------------+----------+

Report Cell Usage: 
+------+-------+------+
|      |Cell   |Count |
+------+-------+------+
|1     |BUFG   |     1|
|2     |CARRY4 |     8|
|3     |LUT1   |     2|
|4     |LUT2   |    65|
|5     |LUT3   |    37|
|6     |LUT4   |     1|
|7     |LUT5   |     1|
|8     |SRL16E |    32|
|9     |FDCE   |   106|
|10    |FDRE   |    32|
|11    |IBUF   |    36|
|12    |OBUF   |    34|
+------+-------+------+

Report Instance Areas: 
+------+---------------------+-----------------+------+
|      |Instance             |Module           |Cells |
+------+---------------------+-----------------+------+
|1     |top                  |                 |   355|
|2     |  u_adder_controller |adder_controller |    16|
|3     |  u_adder_datapath   |adder_datapath   |   268|
+------+---------------------+-----------------+------+
---------------------------------------------------------------------------------
Finished Writing Synthesis Report : Time (s): cpu = 00:00:13 ; elapsed = 00:00:18 . Memory (MB): peak = 1892.656 ; gain = 324.094 ; free physical = 4061 ; free virtual = 7717
---------------------------------------------------------------------------------
Synthesis finished with 0 errors, 0 critical warnings and 0 warnings.
Synthesis Optimization Runtime : Time (s): cpu = 00:00:12 ; elapsed = 00:00:17 . Memory (MB): peak = 1892.656 ; gain = 210.402 ; free physical = 4117 ; free virtual = 7774
Synthesis Optimization Complete : Time (s): cpu = 00:00:13 ; elapsed = 00:00:19 . Memory (MB): peak = 1892.664 ; gain = 324.094 ; free physical = 4132 ; free virtual = 7789
INFO: [Project 1-571] Translating synthesized netlist
INFO: [Netlist 29-17] Analyzing 8 Unisim elements for replacement
INFO: [Netlist 29-28] Unisim Transformation completed in 0 CPU seconds
INFO: [Project 1-570] Preparing netlist for logic optimization
INFO: [Opt 31-138] Pushed 0 inverter(s) to 0 load pin(s).
Netlist sorting complete. Time (s): cpu = 00:00:00 ; elapsed = 00:00:00 . Memory (MB): peak = 1892.664 ; gain = 0.000 ; free physical = 4055 ; free virtual = 7713
INFO: [Project 1-111] Unisim Transformation Summary:
No Unisim elements were transformed.

INFO: [Common 17-83] Releasing license: Synthesis
17 Infos, 0 Warnings, 0 Critical Warnings and 0 Errors encountered.
synth_design completed successfully
synth_design: Time (s): cpu = 00:00:17 ; elapsed = 00:00:23 . Memory (MB): peak = 1892.664 ; gain = 488.613 ; free physical = 4152 ; free virtual = 7810
Netlist sorting complete. Time (s): cpu = 00:00:00 ; elapsed = 00:00:00 . Memory (MB): peak = 1892.664 ; gain = 0.000 ; free physical = 4152 ; free virtual = 7810
WARNING: [Constraints 18-5210] No constraints selected for write.
Resolution: This message can indicate that there are no constraints for the design, or it can indicate that the used_in flags are set such that the constraints are ignored. This later case is used when running synth_design to not write synthesis constraints to the resulting checkpoint. Instead, project constraints are read when the synthesized design is opened.
INFO: [Common 17-1381] The checkpoint '/home/crfosse/dds1/TFE4141-DDS1/assignment_5/assignment_5.runs/synth_1/mega_adder.dcp' has been generated.
INFO: [runtcl-4] Executing : report_utilization -file mega_adder_utilization_synth.rpt -pb mega_adder_utilization_synth.pb
INFO: [Common 17-206] Exiting Vivado at Wed Sep 25 13:22:06 2019...
