Copyright 1986-2019 Xilinx, Inc. All Rights Reserved.
-------------------------------------------------------------------------------------------------------------------------------------------------------------------
| Tool Version     : Vivado v.2019.1.2 (lin64) Build 2615518 Fri Aug  9 15:53:29 MDT 2019
| Date             : Fri Nov 22 15:01:53 2019
| Host             : VMac running 64-bit Ubuntu 18.04.3 LTS
| Command          : report_power -file RSA_soc_wrapper_power_routed.rpt -pb RSA_soc_wrapper_power_summary_routed.pb -rpx RSA_soc_wrapper_power_routed.rpx
| Design           : rsa_soc_wrapper
| Device           : xc7z020clg400-1
| Design State     : routed
| Grade            : commercial
| Process          : typical
| Characterization : Production
-------------------------------------------------------------------------------------------------------------------------------------------------------------------

Power Report

Table of Contents
-----------------
1. Summary
1.1 On-Chip Components
1.2 Power Supply Summary
1.3 Confidence Level
2. Settings
2.1 Environment
2.2 Clock Constraints
3. Detailed Reports
3.1 By Hierarchy

1. Summary
----------

+--------------------------+--------------+
| Total On-Chip Power (W)  | 1.721        |
| Design Power Budget (W)  | Unspecified* |
| Power Budget Margin (W)  | NA           |
| Dynamic (W)              | 1.579        |
| Device Static (W)        | 0.142        |
| Effective TJA (C/W)      | 11.5         |
| Max Ambient (C)          | 65.1         |
| Junction Temperature (C) | 44.9         |
| Confidence Level         | Medium       |
| Setting File             | ---          |
| Simulation Activity File | ---          |
| Design Nets Matched      | NA           |
+--------------------------+--------------+
* Specify Design Power Budget using, set_operating_conditions -design_power_budget <value in Watts>


1.1 On-Chip Components
----------------------

+--------------------------+-----------+----------+-----------+-----------------+
| On-Chip                  | Power (W) | Used     | Available | Utilization (%) |
+--------------------------+-----------+----------+-----------+-----------------+
| Clocks                   |     0.045 |        3 |       --- |             --- |
| Slice Logic              |     0.121 |   108371 |       --- |             --- |
|   LUT as Logic           |     0.109 |    44770 |     53200 |           84.15 |
|   CARRY4                 |     0.007 |     2164 |     13300 |           16.27 |
|   Register               |     0.004 |    46636 |    106400 |           43.83 |
|   LUT as Distributed RAM |    <0.001 |      442 |     17400 |            2.54 |
|   LUT as Shift Register  |    <0.001 |      193 |     17400 |            1.11 |
|   F7/F8 Muxes            |    <0.001 |      934 |     53200 |            1.76 |
|   Others                 |     0.000 |      634 |       --- |             --- |
|   BUFG                   |     0.000 |        1 |        32 |            3.13 |
| Signals                  |     0.156 |    63645 |       --- |             --- |
| Block RAM                |    <0.001 |        2 |       140 |            1.43 |
| PS7                      |     1.256 |        1 |       --- |             --- |
| Static Power             |     0.142 |          |           |                 |
| Total                    |     1.721 |          |           |                 |
+--------------------------+-----------+----------+-----------+-----------------+


1.2 Power Supply Summary
------------------------

+-----------+-------------+-----------+-------------+------------+
| Source    | Voltage (V) | Total (A) | Dynamic (A) | Static (A) |
+-----------+-------------+-----------+-------------+------------+
| Vccint    |       1.000 |     0.338 |       0.323 |      0.015 |
| Vccaux    |       1.800 |     0.015 |       0.000 |      0.015 |
| Vcco33    |       3.300 |     0.000 |       0.000 |      0.000 |
| Vcco25    |       2.500 |     0.000 |       0.000 |      0.000 |
| Vcco18    |       1.800 |     0.000 |       0.000 |      0.000 |
| Vcco15    |       1.500 |     0.000 |       0.000 |      0.000 |
| Vcco135   |       1.350 |     0.000 |       0.000 |      0.000 |
| Vcco12    |       1.200 |     0.000 |       0.000 |      0.000 |
| Vccaux_io |       1.800 |     0.000 |       0.000 |      0.000 |
| Vccbram   |       1.000 |     0.001 |       0.000 |      0.001 |
| MGTAVcc   |       1.000 |     0.000 |       0.000 |      0.000 |
| MGTAVtt   |       1.200 |     0.000 |       0.000 |      0.000 |
| MGTVccaux |       1.800 |     0.000 |       0.000 |      0.000 |
| Vccpint   |       1.000 |     0.678 |       0.647 |      0.031 |
| Vccpaux   |       1.800 |     0.036 |       0.026 |      0.010 |
| Vccpll    |       1.800 |     0.017 |       0.014 |      0.003 |
| Vcco_ddr  |       1.500 |     0.354 |       0.352 |      0.002 |
| Vcco_mio0 |       3.300 |     0.003 |       0.002 |      0.001 |
| Vcco_mio1 |       1.800 |     0.003 |       0.002 |      0.001 |
| Vccadc    |       1.800 |     0.020 |       0.000 |      0.020 |
+-----------+-------------+-----------+-------------+------------+


1.3 Confidence Level
--------------------

+-----------------------------+------------+------------------------------------------------+------------------------------------------------------------------------------------------------------------+
| User Input Data             | Confidence | Details                                        | Action                                                                                                     |
+-----------------------------+------------+------------------------------------------------+------------------------------------------------------------------------------------------------------------+
| Design implementation state | High       | Design is routed                               |                                                                                                            |
| Clock nodes activity        | High       | User specified more than 95% of clocks         |                                                                                                            |
| I/O nodes activity          | High       | User specified more than 95% of inputs         |                                                                                                            |
| Internal nodes activity     | Medium     | User specified less than 25% of internal nodes | Provide missing internal nodes activity with simulation results or by editing the "By Resource Type" views |
| Device models               | High       | Device models are Production                   |                                                                                                            |
|                             |            |                                                |                                                                                                            |
| Overall confidence level    | Medium     |                                                |                                                                                                            |
+-----------------------------+------------+------------------------------------------------+------------------------------------------------------------------------------------------------------------+


2. Settings
-----------

2.1 Environment
---------------

+-----------------------+------------------------+
| Ambient Temp (C)      | 25.0                   |
| ThetaJA (C/W)         | 11.5                   |
| Airflow (LFM)         | 250                    |
| Heat Sink             | none                   |
| ThetaSA (C/W)         | 0.0                    |
| Board Selection       | medium (10"x10")       |
| # of Board Layers     | 8to11 (8 to 11 Layers) |
| Board Temperature (C) | 25.0                   |
+-----------------------+------------------------+


2.2 Clock Constraints
---------------------

+------------+------------------------------------------------------------+-----------------+
| Clock      | Domain                                                     | Constraint (ns) |
+------------+------------------------------------------------------------+-----------------+
| clk_fpga_0 | rsa_soc_i/processing_system7_0/inst/FCLK_CLK_unbuffered[0] |            18.0 |
+------------+------------------------------------------------------------+-----------------+


3. Detailed Reports
-------------------

3.1 By Hierarchy
----------------

+--------------------------+-----------+
| Name                     | Power (W) |
+--------------------------+-----------+
| rsa_soc_wrapper          |     1.579 |
|   rsa_soc_i              |     1.579 |
|     axi_smc              |     0.011 |
|       inst               |     0.011 |
|     processing_system7_0 |     1.258 |
|       inst               |     1.258 |
|     ps7_0_axi_periph     |     0.002 |
|       s00_couplers       |     0.002 |
|     rsa                  |     0.308 |
|       rsa_acc            |     0.305 |
|       rsa_dma            |     0.003 |
+--------------------------+-----------+


