#-----------------------------------------------------------
# Vivado v2019.1.2 (64-bit)
# SW Build 2615518 on Fri Aug  9 15:53:29 MDT 2019
# IP Build 2614745 on Fri Aug  9 20:55:02 MDT 2019
# Start of session at: Mon Sep 16 20:29:58 2019
# Process ID: 1782
# Current directory: /home/crfosse/vivado/assigment_3
# Command line: vivado
# Log file: /home/crfosse/vivado/assigment_3/vivado.log
# Journal file: /home/crfosse/vivado/assigment_3/vivado.jou
#-----------------------------------------------------------
start_gui
open_project /home/crfosse/vivado/assigment_3/assigment_3.xpr
Scanning sources...
Finished scanning sources
INFO: [IP_Flow 19-234] Refreshing IP repositories
INFO: [IP_Flow 19-1704] No user IP repositories specified
INFO: [IP_Flow 19-2313] Loaded Vivado IP repository '/tools/Xilinx/Vivado/2019.1/data/ip'.
open_project: Time (s): cpu = 00:00:05 ; elapsed = 00:00:06 . Memory (MB): peak = 6237.652 ; gain = 59.883 ; free physical = 5279 ; free virtual = 8589
update_compile_order -fileset sources_1
